[GIN-debug] GET    /ping                     --> FileStore-Server/logger.OpenLog.func1 (3 handlers)
[GIN-debug] log system open
[GIN-debug] POST   /wxuser/code              --> FileStore-Server/handler/Gin-handler.WxDoGetCodeHandler (3 handlers)
[GIN-debug] POST   /wxuser/login             --> FileStore-Server/handler/Gin-handler.WxDoSignInHandler (3 handlers)
[GIN-debug] POST   /user/info                --> FileStore-Server/handler/Gin-handler.UserInfoHandler (3 handlers)
[GIN-debug] POST   /file/upload              --> FileStore-Server/handler/Gin-handler.DoUploadHandler (3 handlers)
[GIN-debug] GET    /file/download            --> FileStore-Server/handler/Gin-handler.DownloadHandler (3 handlers)
[GIN-debug] POST   /file/homepage            --> FileStore-Server/handler/Gin-handler.GetHomePageHandler (3 handlers)
[GIN-debug] POST   /file/recent              --> FileStore-Server/handler/Gin-handler.GetRecentHandler (3 handlers)
[GIN-debug] POST   /file/folder              --> FileStore-Server/handler/Gin-handler.GetFolderHandler (3 handlers)
[GIN-debug] POST   /file/querydetail         --> FileStore-Server/handler/Gin-handler.FileDetailQueryHandler (3 handlers)
[GIN-debug] POST   /file/update              --> FileStore-Server/handler/Gin-handler.FileUpdateHandler (3 handlers)
[GIN-debug] POST   /file/delete              --> FileStore-Server/handler/Gin-handler.FileDeleteHandler (3 handlers)
[GIN-debug] POST   /file/starfile            --> FileStore-Server/handler/Gin-handler.AddStarFileHandler (3 handlers)
[GIN-debug] POST   /file/cancelstar          --> FileStore-Server/handler/Gin-handler.CancelStarFileHandler (3 handlers)
[GIN-debug] Listening and serving HTTP on localhost:8880
[GIN-debug] %!s(MISSING) :insertDoUploadHandler[GIN-debug] access DBConn
[GIN-debug] enter QueryUsedSpace
[GIN-debug] access DBConn
[GIN-debug] enter QueryUsedSpace:{ %!s(int64=35912475) %!s(int64=66) %!s(int64=2) %!s(int64=330) %!s(int64=2) %!s(int64=0) %!s(int64=2) %!s(int64=58) %!s(int64=4)}
[GIN-debug] "upload suc cid： QmbFMke1KXqnYyBBWxB74N4c5SBnJMVAiMNRcGu6x1AwQH
[GIN-debug] SuccesGets the first frame of the video,file= ipfsfile/1.jpg
[GIN-debug] "videoComPressPath： ipfsfile/1.jpg
[GIN-debug]filetype=jpg
[GIN-debug] os.Open(temp),temp=&{0xc00032a780}
[GIN-debug] enter UploadMinio
[GIN-debug] Success upload minio QmbFMke1KXqnYyBBWxB74N4c5SBnJMVAiMNRcGu6x1AwQH_1_compress.jpg of size 66603
[GIN-debug] enter OnUserFileUploadFinished
[GIN-debug] access DBConn
[GIN-debug] access DBConn
[GIN-debug] enter WxInsertUserDatas5555
[GIN-debug]filePath= ipfsfile/1.png
[GIN-debug]fileComPressPath=ipfsfile/1_compress.jpg
[GIN-debug] access DBConn
[GIN-debug] enter QueryUsedSpace
[GIN-debug] access DBConn
[GIN-debug] enter QueryUsedSpace:{ %!s(int64=36451298) %!s(int64=67) %!s(int64=2) %!s(int64=335) %!s(int64=2) %!s(int64=0) %!s(int64=2) %!s(int64=59) %!s(int64=4)}
[GIN-debug] access DBConn
ViewStarFile[GIN-debug] [{%!s(int=51) QmTZsoifpRVjqA35FFaj94cGbSozkHLikeKnkZrKQfMhud 苹果8.png png %!s(int64=214437) document %!s(int64=1621497970) 我们的 %!s(int=5) %!s(int=1) 标签1,标签2,标签3 } {%!s(int=50) QmTZsoifpRVjqA35FFaj94cGbSozkHLikeKnkZrKQfMhud 苹果8.png png %!s(int64=214437) document %!s(int64=1621497840) 我们的 %!s(int=5) %!s(int=1) 标签1,标签2,标签3 }]
[GIN-debug] enter GetHomePageData
[GIN-debug] access DBConn
[GIN-debug] enter :2
[GIN-debug] enter GetHomePageData
[GIN-debug] access DBConn
[GIN-debug] enter :0
[GIN-debug] enter GetHomePageData
[GIN-debug] access DBConn
[GIN-debug] enter :2
[GIN-debug] enter GetHomePageData
[GIN-debug] access DBConn
[GIN-debug] GetHomePageData break
[GIN-debug] enter :3
[GIN-debug] enter GetHomePageData
[GIN-debug] access DBConn
[GIN-debug] GetHomePageData break
[GIN-debug] enter :3
[GIN-debug] enter GetRecentHandler[GIN-debug] access DBConn
[GIN-debug] access DBConn
[GIN-debug] GetRecentFile break
ViewStarFile[GIN-debug] [{%!s(int=117) QmbFMke1KXqnYyBBWxB74N4c5SBnJMVAiMNRcGu6x1AwQH 1.png png %!s(int64=538823) video %!s(int64=1622425874) 我们的 %!s(int=4) %!s(int=0) 标签1,标签2,标签3 http://localhost:9000/minio/xingjiliangzi/QmbFMke1KXqnYyBBWxB74N4c5SBnJMVAiMNRcGu6x1AwQH_1_compress.jpg} {%!s(int=116) QmbFMke1KXqnYyBBWxB74N4c5SBnJMVAiMNRcGu6x1AwQH 1.png png %!s(int64=538823) video %!s(int64=1622424321) 我们的 %!s(int=4) %!s(int=0) 标签1,标签2,标签3 http://localhost:9000/minio/xingjiliangzi/QmbFMke1KXqnYyBBWxB74N4c5SBnJMVAiMNRcGu6x1AwQH_1_compress.jpg} {%!s(int=115) QmbFMke1KXqnYyBBWxB74N4c5SBnJMVAiMNRcGu6x1AwQH 3.png png %!s(int64=943339) video %!s(int64=1622424294) 我们的 %!s(int=4) %!s(int=0) 标签1,标签2,标签3 http://localhost:9000/minio/xingjiliangzi/QmbFMke1KXqnYyBBWxB74N4c5SBnJMVAiMNRcGu6x1AwQH_3_compress.jpg} {%!s(int=114) QmbFMke1KXqnYyBBWxB74N4c5SBnJMVAiMNRcGu6x1AwQH 视窗6.png png %!s(int64=133247) video %!s(int64=1622424220) 我们的 %!s(int=4) %!s(int=0) 标签1,标签2,标签3 http://localhost:9000/minio/xingjiliangzi/QmbFMke1KXqnYyBBWxB74N4c5SBnJMVAiMNRcGu6x1AwQH_视窗6_compress.jpg} {%!s(int=113) QmbFMke1KXqnYyBBWxB74N4c5SBnJMVAiMNRcGu6x1AwQH 视频3.mp4 mp4 %!s(int64=732542) video %!s(int64=1622196379) 我们的 %!s(int=4) %!s(int=0) 标签1,标签2,标签3 http://localhost:9000/minio/xingjiliangzi/QmbFMke1KXqnYyBBWxB74N4c5SBnJMVAiMNRcGu6x1AwQH_视频3_compress.jpg} {%!s(int=112) QmbFMke1KXqnYyBBWxB74N4c5SBnJMVAiMNRcGu6x1AwQH 苹果9.png png %!s(int64=144677) image %!s(int64=1622196248) 我们的 %!s(int=4) %!s(int=0) 标签1,标签2,标签3 http://localhost:9000/minio/xingjiliangzi/QmbFMke1KXqnYyBBWxB74N4c5SBnJMVAiMNRcGu6x1AwQH_苹果9.png} {%!s(int=111) QmbFMke1KXqnYyBBWxB74N4c5SBnJMVAiMNRcGu6x1AwQH 苹果9.png png %!s(int64=144677) image %!s(int64=1622195899) 我们的 %!s(int=4) %!s(int=0) 标签1,标签2,标签3 http://localhost:9000/minio/xingjiliangzi/QmbFMke1KXqnYyBBWxB74N4c5SBnJMVAiMNRcGu6x1AwQH_苹果9.png} {%!s(int=110) QmbFMke1KXqnYyBBWxB74N4c5SBnJMVAiMNRcGu6x1AwQH 苹果9.png png %!s(int64=144677) image %!s(int64=1622195757) 我们的 %!s(int=4) %!s(int=0) 标签1,标签2,标签3 http://localhost:9000/minio/xingjiliangzi/QmbFMke1KXqnYyBBWxB74N4c5SBnJMVAiMNRcGu6x1AwQH_苹果9.png} {%!s(int=109) QmbFMke1KXqnYyBBWxB74N4c5SBnJMVAiMNRcGu6x1AwQH 3.jpg jpg %!s(int64=11625) image %!s(int64=1622195439) 我们的 %!s(int=4) %!s(int=0) 标签1,标签2,标签3 http://localhost:9000/minio/xingjiliangzi/QmbFMke1KXqnYyBBWxB74N4c5SBnJMVAiMNRcGu6x1AwQH_3.jpg} {%!s(int=108) QmbFMke1KXqnYyBBWxB74N4c5SBnJMVAiMNRcGu6x1AwQH 3.mp4 mp4 %!s(int64=732542) video %!s(int64=1622195291) 我们的 %!s(int=4) %!s(int=0) 标签1,标签2,标签3 http://localhost:9000/minio/xingjiliangzi/QmbFMke1KXqnYyBBWxB74N4c5SBnJMVAiMNRcGu6x1AwQH_3_compress.jpg} {%!s(int=107) QmbFMke1KXqnYyBBWxB74N4c5SBnJMVAiMNRcGu6x1AwQH 苹果3.png png %!s(int64=1525506) image %!s(int64=1622195229) 我们的 %!s(int=4) %!s(int=0) 标签1,标签2,标签3 http://localhost:9000/minio/xingjiliangzi/QmbFMke1KXqnYyBBWxB74N4c5SBnJMVAiMNRcGu6x1AwQH_苹果3_compress.png} {%!s(int=106) QmbFMke1KXqnYyBBWxB74N4c5SBnJMVAiMNRcGu6x1AwQH 苹果3.png png %!s(int64=1525506) image %!s(int64=1622195112) 我们的 %!s(int=4) %!s(int=0) 标签1,标签2,标签3 http://localhost:9000/minio/xingjiliangzi/QmbFMke1KXqnYyBBWxB74N4c5SBnJMVAiMNRcGu6x1AwQH_苹果3_compress.png} {%!s(int=105) QmbFMke1KXqnYyBBWxB74N4c5SBnJMVAiMNRcGu6x1AwQH 1.png png %!s(int64=538823) image %!s(int64=1622194910) 我们的 %!s(int=4) %!s(int=0) 标签1,标签2,标签3 http://localhost:9000/minio/xingjiliangzi/QmbFMke1KXqnYyBBWxB74N4c5SBnJMVAiMNRcGu6x1AwQH_1_compress.png} {%!s(int=104) QmbFMke1KXqnYyBBWxB74N4c5SBnJMVAiMNRcGu6x1AwQH 1.png png %!s(int64=538823) image %!s(int64=1622194405) 我们的 %!s(int=4) %!s(int=0) 标签1,标签2,标签3 http://localhost:9000/minio/xingjiliangzi/QmbFMke1KXqnYyBBWxB74N4c5SBnJMVAiMNRcGu6x1AwQH_1_compress.png} {%!s(int=103) QmbFMke1KXqnYyBBWxB74N4c5SBnJMVAiMNRcGu6x1AwQH 3.mp4 mp4 %!s(int64=732542) video %!s(int64=1622194329) 我们的 %!s(int=4) %!s(int=0) 标签1,标签2,标签3 http://localhost:9000/minio/xingjiliangzi/QmbFMke1KXqnYyBBWxB74N4c5SBnJMVAiMNRcGu6x1AwQH_3_compress.jpg} {%!s(int=102) QmbFMke1KXqnYyBBWxB74N4c5SBnJMVAiMNRcGu6x1AwQH 3.mp4 mp4 %!s(int64=732542) video %!s(int64=1622194114) 我们的 %!s(int=4) %!s(int=0) 标签1,标签2,标签3 http://localhost:9000/minio/xingjiliangzi/QmbFMke1KXqnYyBBWxB74N4c5SBnJMVAiMNRcGu6x1AwQH_3_compress_compress.jpg} {%!s(int=101) QmbFMke1KXqnYyBBWxB74N4c5SBnJMVAiMNRcGu6x1AwQH 3.mp4 mp4 %!s(int64=732542) video %!s(int64=1622193941) 我们的 %!s(int=4) %!s(int=0) 标签1,标签2,标签3 http://localhost:9000/minio/xingjiliangzi/QmbFMke1KXqnYyBBWxB74N4c5SBnJMVAiMNRcGu6x1AwQH_3_compress_compress.jpg} {%!s(int=100) QmbFMke1KXqnYyBBWxB74N4c5SBnJMVAiMNRcGu6x1AwQH 3.mp4 mp4 %!s(int64=732542) video %!s(int64=1622193858) 我们的 %!s(int=4) %!s(int=0) 标签1,标签2,标签3 http://localhost:9000/minio/xingjiliangzi/QmbFMke1KXqnYyBBWxB74N4c5SBnJMVAiMNRcGu6x1AwQH_3_compress_compress.jpg} {%!s(int=99) QmbFMke1KXqnYyBBWxB74N4c5SBnJMVAiMNRcGu6x1AwQH 3.mp4 mp4 %!s(int64=732542) video %!s(int64=1622193501) 我们的 %!s(int=4) %!s(int=0) 标签1,标签2,标签3 http://localhost:9000/minio/xingjiliangzi/QmbFMke1KXqnYyBBWxB74N4c5SBnJMVAiMNRcGu6x1AwQH_3_compress_compress.jpg} {%!s(int=98) QmbFMke1KXqnYyBBWxB74N4c5SBnJMVAiMNRcGu6x1AwQH 1.png png %!s(int64=538823) image %!s(int64=1622192986) 我们的 %!s(int=4) %!s(int=0) 标签1,标签2,标签3 http://localhost:9000/minio/xingjiliangzi/QmbFMke1KXqnYyBBWxB74N4c5SBnJMVAiMNRcGu6x1AwQH_1_compress.png} {%!s(int=97) QmbFMke1KXqnYyBBWxB74N4c5SBnJMVAiMNRcGu6x1AwQH 2.jpg jpg %!s(int64=668203) image %!s(int64=1622192937) 我们的 %!s(int=4) %!s(int=0) 标签1,标签2,标签3 http://localhost:9000/minio/xingjiliangzi/QmbFMke1KXqnYyBBWxB74N4c5SBnJMVAiMNRcGu6x1AwQH_2_compress.jpg} {%!s(int=96) QmbFMke1KXqnYyBBWxB74N4c5SBnJMVAiMNRcGu6x1AwQH 3.mp4 mp4 %!s(int64=732542) video %!s(int64=1622192897) 我们的 %!s(int=4) %!s(int=0) 标签1,标签2,标签3 http://localhost:9000/minio/xingjiliangzi/QmbFMke1KXqnYyBBWxB74N4c5SBnJMVAiMNRcGu6x1AwQH_3_compress_compress.jpg} {%!s(int=95) QmbFMke1KXqnYyBBWxB74N4c5SBnJMVAiMNRcGu6x1AwQH 3.mp4 mp4 %!s(int64=732542) video %!s(int64=1622192591) 我们的 %!s(int=4) %!s(int=0) 标签1,标签2,标签3 http://localhost:9000/minio/xingjiliangzi/QmbFMke1KXqnYyBBWxB74N4c5SBnJMVAiMNRcGu6x1AwQH_3_compress_compress.jpg} {%!s(int=94) QmbFMke1KXqnYyBBWxB74N4c5SBnJMVAiMNRcGu6x1AwQH 3.mp4 mp4 %!s(int64=732542) video %!s(int64=1622191329) 我们的 %!s(int=4) %!s(int=0) 标签1,标签2,标签3 http://localhost:9000/minio/xingjiliangzi/QmbFMke1KXqnYyBBWxB74N4c5SBnJMVAiMNRcGu6x1AwQH_3_compress.jpg} {%!s(int=93) QmbFMke1KXqnYyBBWxB74N4c5SBnJMVAiMNRcGu6x1AwQH 视窗7.png png %!s(int64=12624) image %!s(int64=1622191162) 我们的 %!s(int=4) %!s(int=0) 标签1,标签2,标签3 http://localhost:9000/minio/xingjiliangzi/QmbFMke1KXqnYyBBWxB74N4c5SBnJMVAiMNRcGu6x1AwQH_视窗7.png} {%!s(int=92) QmbFMke1KXqnYyBBWxB74N4c5SBnJMVAiMNRcGu6x1AwQH 视窗7.png png %!s(int64=12624) image %!s(int64=1622190846) 我们的 %!s(int=4) %!s(int=0) 标签1,标签2,标签3 http://localhost:9000/minio/xingjiliangzi/QmbFMke1KXqnYyBBWxB74N4c5SBnJMVAiMNRcGu6x1AwQH_视窗7.png} {%!s(int=91) QmbFMke1KXqnYyBBWxB74N4c5SBnJMVAiMNRcGu6x1AwQH 3.mp4 mp4 %!s(int64=732542) video %!s(int64=1622189305) 我们的 %!s(int=4) %!s(int=0) 标签1,标签2,标签3 http://localhost:9000/minio/xingjiliangzi/QmbFMke1KXqnYyBBWxB74N4c5SBnJMVAiMNRcGu6x1AwQH_3_compress.jpg} {%!s(int=90) QmbFMke1KXqnYyBBWxB74N4c5SBnJMVAiMNRcGu6x1AwQH 3.mp4 mp4 %!s(int64=732542) video %!s(int64=1622188558) 我们的 %!s(int=4) %!s(int=0) 标签1,标签2,标签3 http://localhost:9000/minio/xingjiliangzi/QmbFMke1KXqnYyBBWxB74N4c5SBnJMVAiMNRcGu6x1AwQH_3_compress.jpg} {%!s(int=89) QmbFMke1KXqnYyBBWxB74N4c5SBnJMVAiMNRcGu6x1AwQH 1.png png %!s(int64=538823) image %!s(int64=1622188468) 我们的 %!s(int=4) %!s(int=0) 标签1,标签2,标签3 http://localhost:9000/minio/xingjiliangzi/QmbFMke1KXqnYyBBWxB74N4c5SBnJMVAiMNRcGu6x1AwQH_1_compress.png} {%!s(int=88) QmbFMke1KXqnYyBBWxB74N4c5SBnJMVAiMNRcGu6x1AwQH 1.png png %!s(int64=538823) image %!s(int64=1622184179) 我们的 %!s(int=4) %!s(int=0) 标签1,标签2,标签3 http://localhost:9000/minio/xingjiliangzi/QmbFMke1KXqnYyBBWxB74N4c5SBnJMVAiMNRcGu6x1AwQH_1_compress.png} {%!s(int=87) QmbFMke1KXqnYyBBWxB74N4c5SBnJMVAiMNRcGu6x1AwQH 3.mp4 mp4 %!s(int64=732542) video %!s(int64=1622184087) 我们的 %!s(int=4) %!s(int=0) 标签1,标签2,标签3 http://localhost:9000/minio/xingjiliangzi/QmbFMke1KXqnYyBBWxB74N4c5SBnJMVAiMNRcGu6x1AwQH_3_compress.jpg} {%!s(int=86) QmbFMke1KXqnYyBBWxB74N4c5SBnJMVAiMNRcGu6x1AwQH 3.mp4 mp4 %!s(int64=732542) video %!s(int64=1622183720) 我们的 %!s(int=4) %!s(int=0) 标签1,标签2,标签3 http://localhost:9000/minio/xingjiliangzi/QmbFMke1KXqnYyBBWxB74N4c5SBnJMVAiMNRcGu6x1AwQH_3_compress.jpg} {%!s(int=85) QmbFMke1KXqnYyBBWxB74N4c5SBnJMVAiMNRcGu6x1AwQH 3.mp4 mp4 %!s(int64=732542) video %!s(int64=1622182824) 我们的 %!s(int=4) %!s(int=0) 标签1,标签2,标签3 http://localhost:9000/minio/xingjiliangzi/QmbFMke1KXqnYyBBWxB74N4c5SBnJMVAiMNRcGu6x1AwQH_3_compress.jpg} {%!s(int=84) QmbFMke1KXqnYyBBWxB74N4c5SBnJMVAiMNRcGu6x1AwQH 2.jpg jpg %!s(int64=668203) image %!s(int64=1622171977) 我们的 %!s(int=4) %!s(int=0) 标签1,标签2,标签3 http://localhost:9000/minio/xingjiliangzi/QmbFMke1KXqnYyBBWxB74N4c5SBnJMVAiMNRcGu6x1AwQH_2_compress.jpg} {%!s(int=83) QmbFMke1KXqnYyBBWxB74N4c5SBnJMVAiMNRcGu6x1AwQH 3.mp4 mp4 %!s(int64=732542) video %!s(int64=1622171802) 我们的 %!s(int=4) %!s(int=0) 标签1,标签2,标签3 http://localhost:9000/minio/xingjiliangzi/QmbFMke1KXqnYyBBWxB74N4c5SBnJMVAiMNRcGu6x1AwQH_3_compress.jpg} {%!s(int=82) QmbFMke1KXqnYyBBWxB74N4c5SBnJMVAiMNRcGu6x1AwQH 视窗2.png png %!s(int64=45777) image %!s(int64=1622171726) 我们的 %!s(int=4) %!s(int=0) 标签1,标签2,标签3 http://localhost:9000/minio/xingjiliangzi/QmbFMke1KXqnYyBBWxB74N4c5SBnJMVAiMNRcGu6x1AwQH_视窗2_compress.png} {%!s(int=81) QmbFMke1KXqnYyBBWxB74N4c5SBnJMVAiMNRcGu6x1AwQH 1.png png %!s(int64=538823) video %!s(int64=1622170302) 我们的 %!s(int=4) %!s(int=0) 标签1,标签2,标签3 http://localhost:9000/minio/xingjiliangzi/QmbFMke1KXqnYyBBWxB74N4c5SBnJMVAiMNRcGu6x1AwQH_1_compress.jpg} {%!s(int=80) QmbFMke1KXqnYyBBWxB74N4c5SBnJMVAiMNRcGu6x1AwQH 1.png png %!s(int64=538823) video %!s(int64=1622167841) 我们的 %!s(int=4) %!s(int=0) 标签1,标签2,标签3 http://localhost:9000/minio/xingjiliangzi/QmbFMke1KXqnYyBBWxB74N4c5SBnJMVAiMNRcGu6x1AwQH_1_compress.jpg} {%!s(int=79)  1.png png %!s(int64=538823) video %!s(int64=1622167591) 我们的 %!s(int=4) %!s(int=0) 标签1,标签2,标签3 http://localhost:9000/minio/xingjiliangzi/_1_compress.jpg} {%!s(int=78) QmbFMke1KXqnYyBBWxB74N4c5SBnJMVAiMNRcGu6x1AwQH 3.mp4 mp4 %!s(int64=732542) video %!s(int64=1622109434) 我们的 %!s(int=4) %!s(int=0) 标签1,标签2,标签3 http://localhost:9000/minio/xingjiliangzi/QmbFMke1KXqnYyBBWxB74N4c5SBnJMVAiMNRcGu6x1AwQH_3_compress.jpg} {%!s(int=77) QmbFMke1KXqnYyBBWxB74N4c5SBnJMVAiMNRcGu6x1AwQH 3.mp4 mp4 %!s(int64=732542) video %!s(int64=1622109302) 我们的 %!s(int=4) %!s(int=0) 标签1,标签2,标签3 http://localhost:9000/minio/xingjiliangzi/QmbFMke1KXqnYyBBWxB74N4c5SBnJMVAiMNRcGu6x1AwQH_3_compress.jpg} {%!s(int=76) QmbFMke1KXqnYyBBWxB74N4c5SBnJMVAiMNRcGu6x1AwQH 3.mp4 mp4 %!s(int64=732542) video %!s(int64=1622108848) 我们的 %!s(int=4) %!s(int=0) 标签1,标签2,标签3 http://localhost:9000/minio/xingjiliangzi/QmbFMke1KXqnYyBBWxB74N4c5SBnJMVAiMNRcGu6x1AwQH_ipfsfile/3_compress.jpg} {%!s(int=75) QmbFMke1KXqnYyBBWxB74N4c5SBnJMVAiMNRcGu6x1AwQH 1.png png %!s(int64=538823) image %!s(int64=1622097065) 我们的 %!s(int=4) %!s(int=0) 标签1,标签2,标签3 http://localhost:9000/minio/xingjiliangzi/QmbFMke1KXqnYyBBWxB74N4c5SBnJMVAiMNRcGu6x1AwQH_1.png} {%!s(int=74) QmbFMke1KXqnYyBBWxB74N4c5SBnJMVAiMNRcGu6x1AwQH 1.png png %!s(int64=538823) image %!s(int64=1622096193) 我们的 %!s(int=4) %!s(int=0) 标签1,标签2,标签3 http://localhost:9000/minio/xingjiliangzi/QmbFMke1KXqnYyBBWxB74N4c5SBnJMVAiMNRcGu6x1AwQH_1.png} {%!s(int=73) QmbFMke1KXqnYyBBWxB74N4c5SBnJMVAiMNRcGu6x1AwQH 1.png png %!s(int64=538823) image %!s(int64=1622096123) 我们的 %!s(int=4) %!s(int=0) 标签1,标签2,标签3 http://localhost:9000/minio/xingjiliangzi/QmbFMke1KXqnYyBBWxB74N4c5SBnJMVAiMNRcGu6x1AwQH_1.png} {%!s(int=72) QmbFMke1KXqnYyBBWxB74N4c5SBnJMVAiMNRcGu6x1AwQH 3.mp4 mp4 %!s(int64=732542) vedio %!s(int64=1622095784) 我们的 %!s(int=4) %!s(int=0) 标签1,标签2,标签3 } {%!s(int=71) QmbFMke1KXqnYyBBWxB74N4c5SBnJMVAiMNRcGu6x1AwQH 3.mp4 mp4 %!s(int64=732542) vedio %!s(int64=1622095618) 我们的 %!s(int=4) %!s(int=0) 标签1,标签2,标签3 } {%!s(int=70) QmbFMke1KXqnYyBBWxB74N4c5SBnJMVAiMNRcGu6x1AwQH 1.png png %!s(int64=538823) vedio %!s(int64=1622095550) 我们的 %!s(int=4) %!s(int=0) 标签1,标签2,标签3 } {%!s(int=69)  1.png png %!s(int64=538823) image %!s(int64=1622095468) 我们的 %!s(int=4) %!s(int=0) 标签1,标签2,标签3 http://localhost:9000/minio/xingjiliangzi/_1.png} {%!s(int=68) QmbFMke1KXqnYyBBWxB74N4c5SBnJMVAiMNRcGu6x1AwQH 1.png png %!s(int64=538823) image %!s(int64=1622087067) 我们的 %!s(int=4) %!s(int=0) 标签1,标签2,标签3 http://localhost:9000/minio/xingjiliangzi/QmbFMke1KXqnYyBBWxB74N4c5SBnJMVAiMNRcGu6x1AwQH_1.png}]
[GIN-debug] access DBConn
[GIN-debug] access DBConn
ViewStarFile[GIN-debug] [{%!s(int=51) QmTZsoifpRVjqA35FFaj94cGbSozkHLikeKnkZrKQfMhud 苹果8.png png %!s(int64=214437) document %!s(int64=1621497970) 我们的 %!s(int=5) %!s(int=1) 标签1,标签2,标签3 } {%!s(int=50) QmTZsoifpRVjqA35FFaj94cGbSozkHLikeKnkZrKQfMhud 苹果8.png png %!s(int64=214437) document %!s(int64=1621497840) 我们的 %!s(int=5) %!s(int=1) 标签1,标签2,标签3 }]
[GIN-debug] enter QueryUsedSpace
[GIN-debug] access DBConn
[GIN-debug] enter QueryUsedSpace:{ %!s(int64=36451298) %!s(int64=67) %!s(int64=2) %!s(int64=335) %!s(int64=2) %!s(int64=0) %!s(int64=2) %!s(int64=59) %!s(int64=4)}
[GIN-debug] access DBConn
[GIN-debug] enter GetFolderData
[GIN-debug] access DBConn
[GIN-debug] enter QueryUsedSpace
[GIN-debug] access DBConn
[GIN-debug] enter QueryUsedSpace:{ %!s(int64=36451298) %!s(int64=67) %!s(int64=2) %!s(int64=335) %!s(int64=2) %!s(int64=0) %!s(int64=2) %!s(int64=59) %!s(int64=4)}
[GIN-debug] access DBConn
[GIN-debug] enter GetFolderData
[GIN-debug] access DBConn
[GIN-debug] enter QueryUsedSpace
[GIN-debug] access DBConn
[GIN-debug] enter QueryUsedSpace:{ %!s(int64=36451298) %!s(int64=67) %!s(int64=2) %!s(int64=335) %!s(int64=2) %!s(int64=0) %!s(int64=2) %!s(int64=59) %!s(int64=4)}
[GIN-debug] access DBConn
[GIN-debug] enter GetFolderData
[GIN-debug] access DBConn
[GIN-debug] enter QueryUsedSpace
[GIN-debug] access DBConn
[GIN-debug] enter QueryUsedSpace:{ %!s(int64=36451298) %!s(int64=67) %!s(int64=2) %!s(int64=335) %!s(int64=2) %!s(int64=0) %!s(int64=2) %!s(int64=59) %!s(int64=4)}
[GIN-debug] access DBConn
[GIN-debug] enter GetFolderData
[GIN-debug] access DBConn
[GIN-debug] GetFolderData break
[GIN-debug] enter QueryUsedSpace
[GIN-debug] access DBConn
[GIN-debug] enter QueryUsedSpace:{ %!s(int64=36451298) %!s(int64=67) %!s(int64=2) %!s(int64=335) %!s(int64=2) %!s(int64=0) %!s(int64=2) %!s(int64=59) %!s(int64=4)}
[GIN-debug] access DBConn
[GIN-debug] enter GetFolderData
[GIN-debug] access DBConn
[GIN-debug] enter QueryUsedSpace
[GIN-debug] access DBConn
[GIN-debug] enter QueryUsedSpace:{ %!s(int64=36451298) %!s(int64=67) %!s(int64=2) %!s(int64=335) %!s(int64=2) %!s(int64=0) %!s(int64=2) %!s(int64=59) %!s(int64=4)}
[GIN-debug] access DBConn
